
Hello from OS!
$ cat contest1.txt
cat: cannot open contest1.txt
$ cat contest2.txt
hi
bye
$ ls contest
.                           2 128 26
..                          2 832 1
1                           2 160 28
2                           1 3 31
$ cat contest/2
hi
$ ls contest/1
.                           2 160 28
..                          2 128 26
1                           1 6 29
2                           2 64 30
$ cat contest/1/1
hello
$ ls contest/1/2
.                           2 64 30
..                          2 160 28
$ echo OK
OK
$ qemu-system-i386: terminating on signal 15 from pid 110289 (make)
